<?xml version="1.0" encoding="UTF-8"?>
<testsuite xmlns:xsi="http://www.w3.org/2001/XMLSchema-instance" xsi:noNamespaceSchemaLocation="https://maven.apache.org/surefire/maven-surefire-plugin/xsd/surefire-test-report.xsd" version="3.0.2" name="com.example.demo.controller.ScenarioAnalysisControllerTest" time="1.305" tests="11" errors="0" skipped="0" failures="0">
  <properties>
[...]
</properties>
  <testcase name="testCase7_ProductLaunchStrategy" classname="com.example.demo.controller.ScenarioAnalysisControllerTest" time="0.109">
    <system-out><![CDATA[23:38:12.178 [main] INFO org.springframework.test.context.support.AnnotationConfigContextLoaderUtils -- Could not detect default configuration classes for test class [com.example.demo.controller.ScenarioAnalysisControllerTest]: ScenarioAnalysisControllerTest does not declare any static, non-private, non-final, nested classes annotated with @Configuration.
23:38:12.242 [main] INFO org.springframework.boot.test.context.SpringBootTestContextBootstrapper -- Found @SpringBootConfiguration com.example.demo.DemoApplication for test class com.example.demo.controller.ScenarioAnalysisControllerTest
23:38:12.281 [main] INFO org.springframework.boot.devtools.restart.RestartApplicationListener -- Restart disabled due to context in which it is running

  .   ____          _            __ _ _
 /\\ / ___'_ __ _ _(_)_ __  __ _ \ \ \ \
( ( )\___ | '_ | '_| | '_ \/ _` | \ \ \ \
 \\/  ___)| |_)| | | | | || (_| |  ) ) ) )
  '  |____| .__|_| |_|_| |_\__, | / / / /
 =========|_|==============|___/=/_/_/_/

 :: Spring Boot ::                (v3.4.4)

2025-04-04T23:38:12.433-04:00  INFO 19039 --- [demo] [           main] c.e.d.c.ScenarioAnalysisControllerTest   : Starting ScenarioAnalysisControllerTest using Java 22.0.1 with PID 19039 (started by baranirajendran in /Users/baranirajendran/Downloads/Prompt - Engineering)
2025-04-04T23:38:12.433-04:00  INFO 19039 --- [demo] [           main] c.e.d.c.ScenarioAnalysisControllerTest   : No active profile set, falling back to 1 default profile: "default"
2025-04-04T23:38:13.155-04:00  INFO 19039 --- [demo] [           main] o.s.b.a.w.s.WelcomePageHandlerMapping    : Adding welcome page: class path resource [static/index.html]
2025-04-04T23:38:13.253-04:00  INFO 19039 --- [demo] [           main] o.s.b.t.m.w.SpringBootMockServletContext : Initializing Spring TestDispatcherServlet ''
2025-04-04T23:38:13.254-04:00  INFO 19039 --- [demo] [           main] o.s.t.web.servlet.TestDispatcherServlet  : Initializing Servlet ''
2025-04-04T23:38:13.255-04:00  INFO 19039 --- [demo] [           main] o.s.t.web.servlet.TestDispatcherServlet  : Completed initialization in 0 ms
2025-04-04T23:38:13.266-04:00  INFO 19039 --- [demo] [           main] c.e.d.c.ScenarioAnalysisControllerTest   : Started ScenarioAnalysisControllerTest in 0.987 seconds (process running for 1.416)
]]></system-out>
    <system-err><![CDATA[Mockito is currently self-attaching to enable the inline-mock-maker. This will no longer work in future releases of the JDK. Please add Mockito as an agent to your build what is described in Mockito's documentation: https://javadoc.io/doc/org.mockito/mockito-core/latest/org/mockito/Mockito.html#0.3
WARNING: A Java agent has been loaded dynamically (/Users/baranirajendran/.m2/repository/net/bytebuddy/byte-buddy-agent/1.15.11/byte-buddy-agent-1.15.11.jar)
WARNING: If a serviceability tool is in use, please run with -XX:+EnableDynamicAgentLoading to hide this warning
WARNING: If a serviceability tool is not in use, please run with -Djdk.instrument.traceUsage for more information
WARNING: Dynamic loading of agents will be disallowed by default in a future release
]]></system-err>
  </testcase>
  <testcase name="testCase8_PersonalDebtManagement" classname="com.example.demo.controller.ScenarioAnalysisControllerTest" time="0.004"/>
  <testcase name="testCase9_UrbanTransportationPolicy" classname="com.example.demo.controller.ScenarioAnalysisControllerTest" time="0.003"/>
  <testcase name="testCase3_EnvironmentalSustainabilityProject" classname="com.example.demo.controller.ScenarioAnalysisControllerTest" time="0.003"/>
  <testcase name="testCase6_FinancialSystemMigration" classname="com.example.demo.controller.ScenarioAnalysisControllerTest" time="0.002"/>
  <testcase name="testCase4_NonProfitCapacityBuilding" classname="com.example.demo.controller.ScenarioAnalysisControllerTest" time="0.002"/>
  <testcase name="testCase10_SaaSStartupScaling" classname="com.example.demo.controller.ScenarioAnalysisControllerTest" time="0.002"/>
  <testcase name="testCase2_HealthcareSystemModernization" classname="com.example.demo.controller.ScenarioAnalysisControllerTest" time="0.002"/>
  <testcase name="testCase11_NegativeTestCases" classname="com.example.demo.controller.ScenarioAnalysisControllerTest" time="0.009">
    <system-out><![CDATA[2025-04-04T23:38:13.409-04:00  WARN 19039 --- [demo] [           main] .w.s.m.s.DefaultHandlerExceptionResolver : Resolved [org.springframework.web.bind.MethodArgumentNotValidException: Validation failed for argument [0] in public org.springframework.http.ResponseEntity<com.example.demo.model.ScenarioAnalysisResponse> com.example.demo.controller.ScenarioAnalysisController.analyzeScenario(com.example.demo.model.ScenarioAnalysisRequest) with 2 errors: [Field error in object 'scenarioAnalysisRequest' on field 'scenario': rejected value [null]; codes [NotNull.scenarioAnalysisRequest.scenario,NotNull.scenario,NotNull.java.lang.String,NotNull]; arguments [org.springframework.context.support.DefaultMessageSourceResolvable: codes [scenarioAnalysisRequest.scenario,scenario]; arguments []; default message [scenario]]; default message [Scenario must not be null]] [Field error in object 'scenarioAnalysisRequest' on field 'scenario': rejected value [null]; codes [NotEmpty.scenarioAnalysisRequest.scenario,NotEmpty.scenario,NotEmpty.java.lang.String,NotEmpty]; arguments [org.springframework.context.support.DefaultMessageSourceResolvable: codes [scenarioAnalysisRequest.scenario,scenario]; arguments []; default message [scenario]]; default message [Scenario must not be empty]] ]
2025-04-04T23:38:13.411-04:00  WARN 19039 --- [demo] [           main] .w.s.m.s.DefaultHandlerExceptionResolver : Resolved [org.springframework.web.bind.MethodArgumentNotValidException: Validation failed for argument [0] in public org.springframework.http.ResponseEntity<com.example.demo.model.ScenarioAnalysisResponse> com.example.demo.controller.ScenarioAnalysisController.analyzeScenario(com.example.demo.model.ScenarioAnalysisRequest) with 2 errors: [Field error in object 'scenarioAnalysisRequest' on field 'constraints': rejected value [null]; codes [NotNull.scenarioAnalysisRequest.constraints,NotNull.constraints,NotNull.java.util.List,NotNull]; arguments [org.springframework.context.support.DefaultMessageSourceResolvable: codes [scenarioAnalysisRequest.constraints,constraints]; arguments []; default message [constraints]]; default message [Constraints must not be null]] [Field error in object 'scenarioAnalysisRequest' on field 'constraints': rejected value [null]; codes [NotEmpty.scenarioAnalysisRequest.constraints,NotEmpty.constraints,NotEmpty.java.util.List,NotEmpty]; arguments [org.springframework.context.support.DefaultMessageSourceResolvable: codes [scenarioAnalysisRequest.constraints,constraints]; arguments []; default message [constraints]]; default message [Constraints must not be empty]] ]
2025-04-04T23:38:13.412-04:00  WARN 19039 --- [demo] [           main] .w.s.m.s.DefaultHandlerExceptionResolver : Resolved [org.springframework.http.converter.HttpMessageNotReadableException: JSON parse error: Unexpected character ('s' (code 115)): was expecting double-quote to start field name]
2025-04-04T23:38:13.412-04:00  WARN 19039 --- [demo] [           main] .w.s.m.s.DefaultHandlerExceptionResolver : Resolved [org.springframework.http.converter.HttpMessageNotReadableException: Required request body is missing: public org.springframework.http.ResponseEntity<com.example.demo.model.ScenarioAnalysisResponse> com.example.demo.controller.ScenarioAnalysisController.analyzeScenario(com.example.demo.model.ScenarioAnalysisRequest)]
]]></system-out>
  </testcase>
  <testcase name="testCase5_TechConferenceOrganization" classname="com.example.demo.controller.ScenarioAnalysisControllerTest" time="0.002"/>
  <testcase name="testCase1_EducationReformInitiative" classname="com.example.demo.controller.ScenarioAnalysisControllerTest" time="0.002"/>
</testsuite>